Using pre-set license
Built from '2023.2/staging' branch; Version is '2023.2.18f1 (1cb755715f58) revision 1881941'; Using compiler version '193431935'; Build Type 'Release'
OS: 'Windows 10  (10.0.19045) 64bit Professional' Language: 'uk' Physical Memory: 16288 MB
BatchMode: 1, IsHumanControllingUs: 0, StartBugReporterOnCrash: 0, Is64bit: 1, IsPro: 1

COMMAND LINE ARGUMENTS:
D:\Unity\Editors\2023.2.18f1\Editor\Unity.exe
-adb2
-batchMode
-noUpm
-name
AssetImportWorker0
-projectPath
D:/SoftTeam/Repozitories/MyProject_7_QuizPathUniverse/QuizPathUniverse
-logFile
Logs/AssetImportWorker0.log
-srvPort
53662
-job-worker-count
7
-background-job-worker-count
8
-asset-garbage-collectors
1
Successfully changed project path to: D:/SoftTeam/Repozitories/MyProject_7_QuizPathUniverse/QuizPathUniverse
D:/SoftTeam/Repozitories/MyProject_7_QuizPathUniverse/QuizPathUniverse
[UnityMemory] Configuration Parameters - Can be set up in boot.config
    "memorysetup-bucket-allocator-granularity=16"
    "memorysetup-bucket-allocator-bucket-count=8"
    "memorysetup-bucket-allocator-block-size=33554432"
    "memorysetup-bucket-allocator-block-count=8"
    "memorysetup-main-allocator-block-size=16777216"
    "memorysetup-thread-allocator-block-size=16777216"
    "memorysetup-gfx-main-allocator-block-size=16777216"
    "memorysetup-gfx-thread-allocator-block-size=16777216"
    "memorysetup-cache-allocator-block-size=4194304"
    "memorysetup-typetree-allocator-block-size=2097152"
    "memorysetup-profiler-bucket-allocator-granularity=16"
    "memorysetup-profiler-bucket-allocator-bucket-count=8"
    "memorysetup-profiler-bucket-allocator-block-size=33554432"
    "memorysetup-profiler-bucket-allocator-block-count=8"
    "memorysetup-profiler-allocator-block-size=16777216"
    "memorysetup-profiler-editor-allocator-block-size=1048576"
    "memorysetup-temp-allocator-size-main=16777216"
    "memorysetup-job-temp-allocator-block-size=2097152"
    "memorysetup-job-temp-allocator-block-size-background=1048576"
    "memorysetup-job-temp-allocator-reduction-small-platforms=262144"
    "memorysetup-allocator-temp-initial-block-size-main=262144"
    "memorysetup-allocator-temp-initial-block-size-worker=262144"
    "memorysetup-temp-allocator-size-background-worker=32768"
    "memorysetup-temp-allocator-size-job-worker=262144"
    "memorysetup-temp-allocator-size-preload-manager=33554432"
    "memorysetup-temp-allocator-size-nav-mesh-worker=65536"
    "memorysetup-temp-allocator-size-audio-worker=65536"
    "memorysetup-temp-allocator-size-cloud-worker=32768"
    "memorysetup-temp-allocator-size-gi-baking-worker=262144"
    "memorysetup-temp-allocator-size-gi-baking-worker=262144"
    "memorysetup-temp-allocator-size-gi-baking-worker=262144"
    "memorysetup-temp-allocator-size-gi-baking-worker=262144"
    "memorysetup-temp-allocator-size-gfx=262144"
Player connection [22680] Host "[IP] 192.168.1.105 [Port] 0 [Flags] 2 [Guid] 2313511389 [EditorId] 2313511389 [Version] 1048832 [Id] WindowsEditor(7,DESKTOP-M5RIVGM) [Debug] 1 [PackageName] WindowsEditor [ProjectName] Editor" joined multi-casting on [225.0.0.222:54997]...
Player connection [22680] Host "[IP] 192.168.1.105 [Port] 0 [Flags] 2 [Guid] 2313511389 [EditorId] 2313511389 [Version] 1048832 [Id] WindowsEditor(7,DESKTOP-M5RIVGM) [Debug] 1 [PackageName] WindowsEditor [ProjectName] Editor" joined alternative multi-casting on [225.0.0.222:34997]...
JobSystem: Creating JobQueue using job-worker-count value 7
[Physics::Module] Initialized MultithreadedJobDispatcher with 7 workers.
Library Redirect Path: Library/
Refreshing native plugins compatible for Editor in 1.63 ms, found 4 plugins.
Preloading 0 native plugins for Editor in 0.00 ms.
Initialize engine version: 2023.2.18f1 (1cb755715f58)
[Subsystems] Discovering subsystems at path D:/Unity/Editors/2023.2.18f1/Editor/Data/Resources/UnitySubsystems
[Subsystems] Discovering subsystems at path D:/SoftTeam/Repozitories/MyProject_7_QuizPathUniverse/QuizPathUniverse/Assets
GfxDevice: creating device client; kGfxThreadingModeNonThreaded
Direct3D:
    Version:  Direct3D 11.0 [level 11.1]
    Renderer: NVIDIA GeForce RTX 3070 (ID=0x2488)
    Vendor:   NVIDIA
    VRAM:     8018 MB
    Driver:   32.0.15.6636
Initialize mono
Mono path[0] = 'D:/Unity/Editors/2023.2.18f1/Editor/Data/Managed'
Mono path[1] = 'D:/Unity/Editors/2023.2.18f1/Editor/Data/MonoBleedingEdge/lib/mono/unityjit-win32'
Mono config path = 'D:/Unity/Editors/2023.2.18f1/Editor/Data/MonoBleedingEdge/etc'
Using monoOptions --debugger-agent=transport=dt_socket,embedding=1,server=y,suspend=n,address=127.0.0.1:56084
Begin MonoManager ReloadAssembly
C:\build\output\Unity-Technologies\mono\mono\metadata\icall.c:1842:
C:\build\output\Unity-Technologies\mono\mono\metadata\icall.c:1842:
C:\build\output\Unity-Technologies\mono\mono\metadata\icall.c:1842:
C:\build\output\Unity-Technologies\mono\mono\metadata\icall.c:1842:
C:\build\output\Unity-Technologies\mono\mono\metadata\icall.c:1842:
C:\build\output\Unity-Technologies\mono\mono\metadata\icall.c:1842:
C:\build\output\Unity-Technologies\mono\mono\metadata\icall.c:1842:
C:\build\output\Unity-Technologies\mono\mono\metadata\icall.c:1842:
C:\build\output\Unity-Technologies\mono\mono\metadata\icall.c:1842:
C:\build\output\Unity-Technologies\mono\mono\metadata\icall.c:1842:
Registering precompiled unity dll's ...
Register platform support module: D:/Unity/Editors/2023.2.18f1/Editor/Data/PlaybackEngines/WebGLSupport/UnityEditor.WebGL.Extensions.dll
Register platform support module: D:/Unity/Editors/2023.2.18f1/Editor/Data/PlaybackEngines/MacStandaloneSupport/UnityEditor.OSXStandalone.Extensions.dll
Register platform support module: D:/Unity/Editors/2023.2.18f1/Editor/Data/PlaybackEngines/WindowsStandaloneSupport/UnityEditor.WindowsStandalone.Extensions.dll
Register platform support module: D:/Unity/Editors/2023.2.18f1/Editor/Data/PlaybackEngines/MetroSupport/UnityEditor.UWP.Extensions.dll
Register platform support module: D:/Unity/Editors/2023.2.18f1/Editor/Data/PlaybackEngines/AndroidPlayer/UnityEditor.Android.Extensions.dll
Register platform support module: D:/Unity/Editors/2023.2.18f1/Editor/Data/PlaybackEngines/iOSSupport/UnityEditor.iOS.Extensions.dll
Register platform support module: D:/Unity/Editors/2023.2.18f1/Editor/Data/PlaybackEngines/AppleTVSupport/UnityEditor.AppleTV.Extensions.dll
Register platform support module: D:/Unity/Editors/2023.2.18f1/Editor/Data/PlaybackEngines/LinuxStandaloneSupport/UnityEditor.LinuxStandalone.Extensions.dll
Registered in 0.005799 seconds.
- Loaded All Assemblies, in  0.310 seconds
Native extension for LinuxStandalone target not found
[usbmuxd] Start listen thread
[usbmuxd] Listen thread started
Native extension for AppleTV target not found
[usbmuxd] Start listen thread
[usbmuxd] Listen thread started
Native extension for iOS target not found
Native extension for Android target not found
Android Extension - Scanning For ADB Devices 181 ms
Native extension for UWP target not found
Native extension for WindowsStandalone target not found
Native extension for OSXStandalone target not found
Native extension for WebGL target not found
Mono: successfully reloaded assembly
C:\build\output\Unity-Technologies\mono\mono\metadata\icall.c:1842:
C:\build\output\Unity-Technologies\mono\mono\metadata\icall.c:1842:
- Finished resetting the current domain, in  0.502 seconds
Domain Reload Profiling: 812ms
	BeginReloadAssembly (104ms)
		ExecutionOrderSort (0ms)
		DisableScriptedObjects (0ms)
		BackupInstance (0ms)
		ReleaseScriptingObjects (0ms)
		CreateAndSetChildDomain (1ms)
	RebuildCommonClasses (28ms)
	RebuildNativeTypeToScriptingClass (10ms)
	initialDomainReloadingComplete (40ms)
	LoadAllAssembliesAndSetupDomain (128ms)
		LoadAssemblies (104ms)
		RebuildTransferFunctionScriptingTraits (0ms)
		AnalyzeDomain (125ms)
			TypeCache.Refresh (123ms)
				TypeCache.ScanAssembly (113ms)
			BuildScriptInfoCaches (0ms)
			ResolveRequiredComponents (0ms)
	FinalizeReload (502ms)
		ReleaseScriptCaches (0ms)
		RebuildScriptCaches (0ms)
		SetupLoadedEditorAssemblies (453ms)
			LogAssemblyErrors (0ms)
			InitializePlatformSupportModulesInManaged (289ms)
			SetLoadedEditorAssemblies (3ms)
			BeforeProcessingInitializeOnLoad (4ms)
			ProcessInitializeOnLoadAttributes (118ms)
			ProcessInitializeOnLoadMethodAttributes (39ms)
			AfterProcessingInitializeOnLoad (0ms)
			EditorAssembliesLoaded (0ms)
		ExecutionOrderSort2 (0ms)
		AwakeInstancesAfterBackupRestoration (0ms)
========================================================================
Worker process is ready to serve import requests
Import Worker Mode flag is 0x00
Begin MonoManager ReloadAssembly
C:\build\output\Unity-Technologies\mono\mono\metadata\icall.c:1842:
C:\build\output\Unity-Technologies\mono\mono\metadata\icall.c:1842:
C:\build\output\Unity-Technologies\mono\mono\metadata\icall.c:1842:
C:\build\output\Unity-Technologies\mono\mono\metadata\icall.c:1842:
C:\build\output\Unity-Technologies\mono\mono\metadata\icall.c:1842:
C:\build\output\Unity-Technologies\mono\mono\metadata\icall.c:1842:
C:\build\output\Unity-Technologies\mono\mono\metadata\icall.c:1842:
C:\build\output\Unity-Technologies\mono\mono\metadata\icall.c:1842:
C:\build\output\Unity-Technologies\mono\mono\metadata\icall.c:1842:
C:\build\output\Unity-Technologies\mono\mono\metadata\icall.c:1842:
C:\build\output\Unity-Technologies\mono\mono\metadata\icall.c:1842:
C:\build\output\Unity-Technologies\mono\mono\metadata\icall.c:1842:
- Loaded All Assemblies, in  0.720 seconds
Refreshing native plugins compatible for Editor in 0.95 ms, found 4 plugins.
Native extension for LinuxStandalone target not found
Native extension for AppleTV target not found
Native extension for iOS target not found
Native extension for Android target not found
Native extension for UWP target not found
Native extension for WindowsStandalone target not found
Native extension for OSXStandalone target not found
Native extension for WebGL target not found
Package Manager log level set to [2]
[Package Manager] Failed to launch server process. Reason: Unity was launched with the -noUpm command-line argument
[Package Manager] Unable to send message (not connected to server process).
[Package Manager] Cannot connect to Unity Package Manager local server
Mono: successfully reloaded assembly
- Finished resetting the current domain, in  0.527 seconds
Domain Reload Profiling: 1247ms
	BeginReloadAssembly (306ms)
		ExecutionOrderSort (0ms)
		DisableScriptedObjects (5ms)
		BackupInstance (0ms)
		ReleaseScriptingObjects (0ms)
		CreateAndSetChildDomain (33ms)
	RebuildCommonClasses (28ms)
	RebuildNativeTypeToScriptingClass (10ms)
	initialDomainReloadingComplete (29ms)
	LoadAllAssembliesAndSetupDomain (346ms)
		LoadAssemblies (296ms)
		RebuildTransferFunctionScriptingTraits (0ms)
		AnalyzeDomain (148ms)
			TypeCache.Refresh (120ms)
				TypeCache.ScanAssembly (106ms)
			BuildScriptInfoCaches (22ms)
			ResolveRequiredComponents (4ms)
	FinalizeReload (527ms)
		ReleaseScriptCaches (0ms)
		RebuildScriptCaches (0ms)
		SetupLoadedEditorAssemblies (371ms)
			LogAssemblyErrors (0ms)
			InitializePlatformSupportModulesInManaged (22ms)
			SetLoadedEditorAssemblies (3ms)
			BeforeProcessingInitializeOnLoad (36ms)
			ProcessInitializeOnLoadAttributes (283ms)
			ProcessInitializeOnLoadMethodAttributes (25ms)
			AfterProcessingInitializeOnLoad (2ms)
			EditorAssembliesLoaded (0ms)
		ExecutionOrderSort2 (0ms)
		AwakeInstancesAfterBackupRestoration (6ms)
Launched and connected shader compiler UnityShaderCompiler.exe after 0.01 seconds
Refreshing native plugins compatible for Editor in 1.02 ms, found 4 plugins.
Preloading 0 native plugins for Editor in 0.00 ms.
Unloading 27 Unused Serialized files (Serialized files now loaded: 0)
Unloading 4177 unused Assets / (1.2 MB). Loaded Objects now: 4791.
Memory consumption went from 115.7 MB to 114.5 MB.
Total: 7.106400 ms (FindLiveObjects: 0.505400 ms CreateObjectMapping: 0.277100 ms MarkObjects: 5.180200 ms  DeleteObjects: 1.143000 ms)

========================================================================
Received Import Request.
  Time since last request: 1015138.808709 seconds.
  path: Assets/AlbedoBase_XL_Create_a_vibrant_animated_3D_illustration_of_a_f_3.jpg
  artifactKey: Guid(b425592efb91889428e25278b502a3df) Importer(815301076,1909f56bfc062723c751e8b465ee728b)
Start importing Assets/AlbedoBase_XL_Create_a_vibrant_animated_3D_illustration_of_a_f_3.jpg using Guid(b425592efb91889428e25278b502a3df) Importer(815301076,1909f56bfc062723c751e8b465ee728b) (PreviewImporter) -> (artifact id: '626350d5150ca1887f3af439cd085c4c') in 0.0779605 seconds
Number of updated asset objects reloaded before import = 0Number of asset objects unloaded after import = 3

========================================================================
Received Import Request.
  Time since last request: 18.130479 seconds.
  path: Assets/What Type of Hero Are You in an Adventure Movie.jpg
  artifactKey: Guid(b425592efb91889428e25278b502a3df) Importer(815301076,1909f56bfc062723c751e8b465ee728b)
Start importing Assets/What Type of Hero Are You in an Adventure Movie.jpg using Guid(b425592efb91889428e25278b502a3df) Importer(815301076,1909f56bfc062723c751e8b465ee728b) (PreviewImporter) -> (artifact id: '53295126362275be3a2b5dde7b36f4bd') in 0.0146823 seconds
Number of updated asset objects reloaded before import = 0Number of asset objects unloaded after import = 3

========================================================================
Received Import Request.
  Time since last request: 771.320588 seconds.
  path: Assets/AlbedoBase_XL_Create_a_vibrant_3D_animated_illustration_of_a_s_2.jpg
  artifactKey: Guid(f91321b3802405645a8bb74440328533) Importer(815301076,1909f56bfc062723c751e8b465ee728b)
Start importing Assets/AlbedoBase_XL_Create_a_vibrant_3D_animated_illustration_of_a_s_2.jpg using Guid(f91321b3802405645a8bb74440328533) Importer(815301076,1909f56bfc062723c751e8b465ee728b) (PreviewImporter) -> (artifact id: 'c282ee3154c273c12b0c44b780849020') in 0.0297476 seconds
Number of updated asset objects reloaded before import = 0Number of asset objects unloaded after import = 3

========================================================================
Received Import Request.
  Time since last request: 2.787211 seconds.
  path: Assets/What Is Your Superpower.jpg
  artifactKey: Guid(f91321b3802405645a8bb74440328533) Importer(815301076,1909f56bfc062723c751e8b465ee728b)
Start importing Assets/What Is Your Superpower.jpg using Guid(f91321b3802405645a8bb74440328533) Importer(815301076,1909f56bfc062723c751e8b465ee728b) (PreviewImporter) -> (artifact id: 'c637ab82819900f724f658b9e23a37a3') in 0.0145951 seconds
Number of updated asset objects reloaded before import = 0Number of asset objects unloaded after import = 3

========================================================================
Received Import Request.
  Time since last request: 898.396953 seconds.
  path: Assets/AlbedoBase_XL_Create_a_3D_animated_illustration_for_a_personal_1.jpg
  artifactKey: Guid(50c368b989b0e0a4cbc8695c5d9ec4f9) Importer(815301076,1909f56bfc062723c751e8b465ee728b)
Start importing Assets/AlbedoBase_XL_Create_a_3D_animated_illustration_for_a_personal_1.jpg using Guid(50c368b989b0e0a4cbc8695c5d9ec4f9) Importer(815301076,1909f56bfc062723c751e8b465ee728b) (PreviewImporter) -> (artifact id: 'c56781ce556acf1923911507c294c8e1') in 0.0161111 seconds
Number of updated asset objects reloaded before import = 0Number of asset objects unloaded after import = 3

========================================================================
Received Import Request.
  Time since last request: 2.851308 seconds.
  path: Assets/What Is Your Ideal Career.jpg
  artifactKey: Guid(50c368b989b0e0a4cbc8695c5d9ec4f9) Importer(815301076,1909f56bfc062723c751e8b465ee728b)
Start importing Assets/What Is Your Ideal Career.jpg using Guid(50c368b989b0e0a4cbc8695c5d9ec4f9) Importer(815301076,1909f56bfc062723c751e8b465ee728b) (PreviewImporter) -> (artifact id: 'c6da708a9783fea67738d67cf95fbb13') in 0.0159199 seconds
Number of updated asset objects reloaded before import = 0Number of asset objects unloaded after import = 3

========================================================================
Received Import Request.
  Time since last request: 643.519580 seconds.
  path: Assets/AlbedoBase_XL_Create_a_vibrant_3D_animated_illustration_for_a_2.jpg
  artifactKey: Guid(7be4d94f52ef06d4891501ddf7d7004a) Importer(815301076,1909f56bfc062723c751e8b465ee728b)
Start importing Assets/AlbedoBase_XL_Create_a_vibrant_3D_animated_illustration_for_a_2.jpg using Guid(7be4d94f52ef06d4891501ddf7d7004a) Importer(815301076,1909f56bfc062723c751e8b465ee728b) (PreviewImporter) -> (artifact id: '80f249f53197f55d7e059d20f58f7597') in 0.0162979 seconds
Number of updated asset objects reloaded before import = 0Number of asset objects unloaded after import = 3

========================================================================
Received Import Request.
  Time since last request: 14.714941 seconds.
  path: Assets/What Is Your Element.jpg
  artifactKey: Guid(7be4d94f52ef06d4891501ddf7d7004a) Importer(815301076,1909f56bfc062723c751e8b465ee728b)
Start importing Assets/What Is Your Element.jpg using Guid(7be4d94f52ef06d4891501ddf7d7004a) Importer(815301076,1909f56bfc062723c751e8b465ee728b) (PreviewImporter) -> (artifact id: '9dfec65bdbad4eb7ddab28fa32c7134c') in 0.0164927 seconds
Number of updated asset objects reloaded before import = 0Number of asset objects unloaded after import = 3

========================================================================
Received Import Request.
  Time since last request: 1341.193958 seconds.
  path: Assets/AlbedoBase_XL_Create_a_3D_animated_illustration_for_a_personal_3.jpg
  artifactKey: Guid(c4d9e2c8596f2d4468a01fd88d3a4a68) Importer(815301076,1909f56bfc062723c751e8b465ee728b)
Start importing Assets/AlbedoBase_XL_Create_a_3D_animated_illustration_for_a_personal_3.jpg using Guid(c4d9e2c8596f2d4468a01fd88d3a4a68) Importer(815301076,1909f56bfc062723c751e8b465ee728b) (PreviewImporter) -> (artifact id: '9827be0baef5fff0ea21f626bf3e998e') in 0.030218 seconds
Number of updated asset objects reloaded before import = 0Number of asset objects unloaded after import = 3

========================================================================
Received Import Request.
  Time since last request: 14.834463 seconds.
  path: Assets/What Is Your Superhuman Personality.jpg
  artifactKey: Guid(c4d9e2c8596f2d4468a01fd88d3a4a68) Importer(815301076,1909f56bfc062723c751e8b465ee728b)
Start importing Assets/What Is Your Superhuman Personality.jpg using Guid(c4d9e2c8596f2d4468a01fd88d3a4a68) Importer(815301076,1909f56bfc062723c751e8b465ee728b) (PreviewImporter) -> (artifact id: 'f1f08ca9ce9bb18bc1c67aa278f5ba8f') in 0.0153576 seconds
Number of updated asset objects reloaded before import = 0Number of asset objects unloaded after import = 3

========================================================================
Received Import Request.
  Time since last request: 634.729870 seconds.
  path: Assets/AlbedoBase_XL_Create_a_3D_animated_illustration_for_a_fashion_3.jpg
  artifactKey: Guid(4159374729c18754b86194eff3c17a54) Importer(815301076,1909f56bfc062723c751e8b465ee728b)
Start importing Assets/AlbedoBase_XL_Create_a_3D_animated_illustration_for_a_fashion_3.jpg using Guid(4159374729c18754b86194eff3c17a54) Importer(815301076,1909f56bfc062723c751e8b465ee728b) (PreviewImporter) -> (artifact id: '1a331ff3be36908c679639a312626c78') in 0.0162163 seconds
Number of updated asset objects reloaded before import = 0Number of asset objects unloaded after import = 3

========================================================================
Received Import Request.
  Time since last request: 11.775244 seconds.
  path: Assets/What Fashion Style Suits You Best.jpg
  artifactKey: Guid(4159374729c18754b86194eff3c17a54) Importer(815301076,1909f56bfc062723c751e8b465ee728b)
Start importing Assets/What Fashion Style Suits You Best.jpg using Guid(4159374729c18754b86194eff3c17a54) Importer(815301076,1909f56bfc062723c751e8b465ee728b) (PreviewImporter) -> (artifact id: 'c6c0c8ce4b497cc9a2c6cda293de9849') in 0.0155539 seconds
Number of updated asset objects reloaded before import = 0Number of asset objects unloaded after import = 3

========================================================================
Received Import Request.
  Time since last request: 606.727162 seconds.
  path: Assets/AlbedoBase_XL_Create_a_3D_animated_illustration_for_a_music_qu_3.jpg
  artifactKey: Guid(81ab73fbe6cec3c419d1e20ab03221b8) Importer(815301076,1909f56bfc062723c751e8b465ee728b)
Start importing Assets/AlbedoBase_XL_Create_a_3D_animated_illustration_for_a_music_qu_3.jpg using Guid(81ab73fbe6cec3c419d1e20ab03221b8) Importer(815301076,1909f56bfc062723c751e8b465ee728b) (PreviewImporter) -> (artifact id: '8deadd3af0827e9b606bec71cf2d2863') in 0.0186104 seconds
Number of updated asset objects reloaded before import = 0Number of asset objects unloaded after import = 3

========================================================================
Received Import Request.
  Time since last request: 7.607951 seconds.
  path: Assets/What Music Genre Matches Your Personality.jpg
  artifactKey: Guid(81ab73fbe6cec3c419d1e20ab03221b8) Importer(815301076,1909f56bfc062723c751e8b465ee728b)
Start importing Assets/What Music Genre Matches Your Personality.jpg using Guid(81ab73fbe6cec3c419d1e20ab03221b8) Importer(815301076,1909f56bfc062723c751e8b465ee728b) (PreviewImporter) -> (artifact id: 'c225611a260822c12ccb92daadf06508') in 0.0153617 seconds
Number of updated asset objects reloaded before import = 0Number of asset objects unloaded after import = 3

========================================================================
Received Import Request.
  Time since last request: 661.471088 seconds.
  path: Assets/AlbedoBase_XL_Create_a_vibrant_3D_animated_illustration_for_a_1.jpg
  artifactKey: Guid(1a30dcd01bf823947be5ca52eb3a3f0a) Importer(815301076,1909f56bfc062723c751e8b465ee728b)
Start importing Assets/AlbedoBase_XL_Create_a_vibrant_3D_animated_illustration_for_a_1.jpg using Guid(1a30dcd01bf823947be5ca52eb3a3f0a) Importer(815301076,1909f56bfc062723c751e8b465ee728b) (PreviewImporter) -> (artifact id: '646ab208af647574f068ce9aff549502') in 0.0175072 seconds
Number of updated asset objects reloaded before import = 0Number of asset objects unloaded after import = 3

========================================================================
Received Import Request.
  Time since last request: 21.709653 seconds.
  path: Assets/What Is Your Chinese Zodiac Sign.jpg
  artifactKey: Guid(1a30dcd01bf823947be5ca52eb3a3f0a) Importer(815301076,1909f56bfc062723c751e8b465ee728b)
Start importing Assets/What Is Your Chinese Zodiac Sign.jpg using Guid(1a30dcd01bf823947be5ca52eb3a3f0a) Importer(815301076,1909f56bfc062723c751e8b465ee728b) (PreviewImporter) -> (artifact id: '04126261be7f9b2e3aee42164d5d8351') in 0.0159734 seconds
Number of updated asset objects reloaded before import = 0Number of asset objects unloaded after import = 3

========================================================================
Received Import Request.
  Time since last request: 1718.694586 seconds.
  path: Assets/AlbedoBase_XL_Create_a_vibrant_3D_animated_illustration_for_a_3.jpg
  artifactKey: Guid(5fa10125b931dfa43803d870bf9a0d03) Importer(815301076,1909f56bfc062723c751e8b465ee728b)
Start importing Assets/AlbedoBase_XL_Create_a_vibrant_3D_animated_illustration_for_a_3.jpg using Guid(5fa10125b931dfa43803d870bf9a0d03) Importer(815301076,1909f56bfc062723c751e8b465ee728b) (PreviewImporter) -> (artifact id: '11d8fd425bb84cdd97fc9bd029fddf51') in 0.0312448 seconds
Number of updated asset objects reloaded before import = 0Number of asset objects unloaded after import = 3

========================================================================
Received Import Request.
  Time since last request: 20.640746 seconds.
  path: Assets/What’s Your Coffee Type.jpg
  artifactKey: Guid(5fa10125b931dfa43803d870bf9a0d03) Importer(815301076,1909f56bfc062723c751e8b465ee728b)
Start importing Assets/What’s Your Coffee Type.jpg using Guid(5fa10125b931dfa43803d870bf9a0d03) Importer(815301076,1909f56bfc062723c751e8b465ee728b) (PreviewImporter) -> (artifact id: '6cde3893504581a87f12d593a14ffb12') in 0.0155374 seconds
Number of updated asset objects reloaded before import = 0Number of asset objects unloaded after import = 3

========================================================================
Received Import Request.
  Time since last request: 574.792167 seconds.
  path: Assets/AlbedoBase_XL_Create_a_magical_3D_animated_illustration_for_a_1.jpg
  artifactKey: Guid(7dadc532a63a7db44974ede2051b1998) Importer(815301076,1909f56bfc062723c751e8b465ee728b)
Start importing Assets/AlbedoBase_XL_Create_a_magical_3D_animated_illustration_for_a_1.jpg using Guid(7dadc532a63a7db44974ede2051b1998) Importer(815301076,1909f56bfc062723c751e8b465ee728b) (PreviewImporter) -> (artifact id: '889396861928dbb01655edddf7559e80') in 0.0189991 seconds
Number of updated asset objects reloaded before import = 0Number of asset objects unloaded after import = 3

========================================================================
Received Import Request.
  Time since last request: 20.533298 seconds.
  path: Assets/What Magical Creature Are You.jpg
  artifactKey: Guid(7dadc532a63a7db44974ede2051b1998) Importer(815301076,1909f56bfc062723c751e8b465ee728b)
Start importing Assets/What Magical Creature Are You.jpg using Guid(7dadc532a63a7db44974ede2051b1998) Importer(815301076,1909f56bfc062723c751e8b465ee728b) (PreviewImporter) -> (artifact id: '7642e8a06e3bf7b4ef62dc4577182bf5') in 0.0241413 seconds
Number of updated asset objects reloaded before import = 0Number of asset objects unloaded after import = 3

========================================================================
Received Import Request.
  Time since last request: 595.970029 seconds.
  path: Assets/AlbedoBase_XL_Create_a_vibrant_3D_animated_illustration_for_a_1 (1).jpg
  artifactKey: Guid(eb077789f4cc5ae47ba1a56975990759) Importer(815301076,1909f56bfc062723c751e8b465ee728b)
Start importing Assets/AlbedoBase_XL_Create_a_vibrant_3D_animated_illustration_for_a_1 (1).jpg using Guid(eb077789f4cc5ae47ba1a56975990759) Importer(815301076,1909f56bfc062723c751e8b465ee728b) (PreviewImporter) -> (artifact id: '098ef107b06d23ae91ed5ac7e7d5c314') in 0.0170974 seconds
Number of updated asset objects reloaded before import = 0Number of asset objects unloaded after import = 3

========================================================================
Received Import Request.
  Time since last request: 25.982671 seconds.
  path: Assets/What Historical Past Suits You.jpg
  artifactKey: Guid(eb077789f4cc5ae47ba1a56975990759) Importer(815301076,1909f56bfc062723c751e8b465ee728b)
Start importing Assets/What Historical Past Suits You.jpg using Guid(eb077789f4cc5ae47ba1a56975990759) Importer(815301076,1909f56bfc062723c751e8b465ee728b) (PreviewImporter) -> (artifact id: 'd11f9cf6c449f24a86407a151074b00b') in 0.0151213 seconds
Number of updated asset objects reloaded before import = 0Number of asset objects unloaded after import = 3

========================================================================
Received Import Request.
  Time since last request: 4641.216603 seconds.
  path: Assets/AlbedoBase_XL_Create_a_vibrant_3D_animated_illustration_for_a_2 (1).jpg
  artifactKey: Guid(c6dcebbb14d766349b86f784ae4556ea) Importer(815301076,1909f56bfc062723c751e8b465ee728b)
Start importing Assets/AlbedoBase_XL_Create_a_vibrant_3D_animated_illustration_for_a_2 (1).jpg using Guid(c6dcebbb14d766349b86f784ae4556ea) Importer(815301076,1909f56bfc062723c751e8b465ee728b) (PreviewImporter) -> (artifact id: 'e98de7b7a7adb01bb85d5955ed3b579e') in 0.03033 seconds
Number of updated asset objects reloaded before import = 0Number of asset objects unloaded after import = 3

========================================================================
Received Import Request.
  Time since last request: 18.517193 seconds.
  path: Assets/What Is Your Inner Strength.jpg
  artifactKey: Guid(c6dcebbb14d766349b86f784ae4556ea) Importer(815301076,1909f56bfc062723c751e8b465ee728b)
Start importing Assets/What Is Your Inner Strength.jpg using Guid(c6dcebbb14d766349b86f784ae4556ea) Importer(815301076,1909f56bfc062723c751e8b465ee728b) (PreviewImporter) -> (artifact id: 'a99a47403232ed77bff44e304ea6892d') in 0.01587 seconds
Number of updated asset objects reloaded before import = 0Number of asset objects unloaded after import = 3

========================================================================
Received Import Request.
  Time since last request: 5631.984749 seconds.
  path: Assets/AlbedoBase_XL_Create_a_charming_3D_animated_illustration_for_a_2.jpg
  artifactKey: Guid(c3bae182f95cf4d46983a3f6d3bd08fe) Importer(815301076,1909f56bfc062723c751e8b465ee728b)
Start importing Assets/AlbedoBase_XL_Create_a_charming_3D_animated_illustration_for_a_2.jpg using Guid(c3bae182f95cf4d46983a3f6d3bd08fe) Importer(815301076,1909f56bfc062723c751e8b465ee728b) (PreviewImporter) -> (artifact id: 'ede1999f39ea68eb65f6805a9178823d') in 0.174342 seconds
Number of updated asset objects reloaded before import = 0Number of asset objects unloaded after import = 3

========================================================================
Received Import Request.
  Time since last request: 33.305210 seconds.
  path: Assets/What’s Your Favorite Flower.jpg
  artifactKey: Guid(c3bae182f95cf4d46983a3f6d3bd08fe) Importer(815301076,1909f56bfc062723c751e8b465ee728b)
Start importing Assets/What’s Your Favorite Flower.jpg using Guid(c3bae182f95cf4d46983a3f6d3bd08fe) Importer(815301076,1909f56bfc062723c751e8b465ee728b) (PreviewImporter) -> (artifact id: '0ceb6dea78d9c2e819d4ecdbfc7c6719') in 0.0213789 seconds
Number of updated asset objects reloaded before import = 0Number of asset objects unloaded after import = 3

========================================================================
Received Import Request.
  Time since last request: 1387.613991 seconds.
  path: Assets/AlbedoBase_XL_Create_a_vibrant_3D_animated_illustration_for_a_2 (2).jpg
  artifactKey: Guid(1d5db828b00220343a9029363a1a785a) Importer(815301076,1909f56bfc062723c751e8b465ee728b)
Start importing Assets/AlbedoBase_XL_Create_a_vibrant_3D_animated_illustration_for_a_2 (2).jpg using Guid(1d5db828b00220343a9029363a1a785a) Importer(815301076,1909f56bfc062723c751e8b465ee728b) (PreviewImporter) -> (artifact id: '2abe70680b13ef94080e3aa5eb6b931d') in 0.0309017 seconds
Number of updated asset objects reloaded before import = 0Number of asset objects unloaded after import = 3

========================================================================
Received Import Request.
  Time since last request: 17.466059 seconds.
  path: Assets/What’s Your Virtual Superhero Team.jpg
  artifactKey: Guid(1d5db828b00220343a9029363a1a785a) Importer(815301076,1909f56bfc062723c751e8b465ee728b)
Start importing Assets/What’s Your Virtual Superhero Team.jpg using Guid(1d5db828b00220343a9029363a1a785a) Importer(815301076,1909f56bfc062723c751e8b465ee728b) (PreviewImporter) -> (artifact id: '44cfc75fbe909e8f2c10bbd1a4471207') in 0.0195955 seconds
Number of updated asset objects reloaded before import = 0Number of asset objects unloaded after import = 3

========================================================================
Received Import Request.
  Time since last request: 608.832501 seconds.
  path: Assets/AlbedoBase_XL_Create_a_vibrant_3D_animated_illustration_for_a_2 (3).jpg
  artifactKey: Guid(bc57f93ff55d2cc4383de568cbcc2c99) Importer(815301076,1909f56bfc062723c751e8b465ee728b)
Start importing Assets/AlbedoBase_XL_Create_a_vibrant_3D_animated_illustration_for_a_2 (3).jpg using Guid(bc57f93ff55d2cc4383de568cbcc2c99) Importer(815301076,1909f56bfc062723c751e8b465ee728b) (PreviewImporter) -> (artifact id: '99b716a703d674d0435378edb5d76a67') in 0.0198441 seconds
Number of updated asset objects reloaded before import = 0Number of asset objects unloaded after import = 3

========================================================================
Received Import Request.
  Time since last request: 16.550765 seconds.
  path: Assets/Which Planet Are You.jpg
  artifactKey: Guid(bc57f93ff55d2cc4383de568cbcc2c99) Importer(815301076,1909f56bfc062723c751e8b465ee728b)
Start importing Assets/Which Planet Are You.jpg using Guid(bc57f93ff55d2cc4383de568cbcc2c99) Importer(815301076,1909f56bfc062723c751e8b465ee728b) (PreviewImporter) -> (artifact id: '95fb623e27a1255e053bd75bd325b7eb') in 0.0182948 seconds
Number of updated asset objects reloaded before import = 0Number of asset objects unloaded after import = 3

========================================================================
Received Import Request.
  Time since last request: 692.541163 seconds.
  path: Assets/AlbedoBase_XL_A_vibrant_3D_animated_animestyle_scene_featuring_3.jpg
  artifactKey: Guid(ad48cf325f194ba4abde1c65c00028b8) Importer(815301076,1909f56bfc062723c751e8b465ee728b)
Start importing Assets/AlbedoBase_XL_A_vibrant_3D_animated_animestyle_scene_featuring_3.jpg using Guid(ad48cf325f194ba4abde1c65c00028b8) Importer(815301076,1909f56bfc062723c751e8b465ee728b) (PreviewImporter) -> (artifact id: 'a933b464ba94114740e81838da506c11') in 0.0500201 seconds
Number of updated asset objects reloaded before import = 0Number of asset objects unloaded after import = 3

========================================================================
Received Import Request.
  Time since last request: 18.595931 seconds.
  path: Assets/What’s Your Anime Character Style.jpg
  artifactKey: Guid(ad48cf325f194ba4abde1c65c00028b8) Importer(815301076,1909f56bfc062723c751e8b465ee728b)
Start importing Assets/What’s Your Anime Character Style.jpg using Guid(ad48cf325f194ba4abde1c65c00028b8) Importer(815301076,1909f56bfc062723c751e8b465ee728b) (PreviewImporter) -> (artifact id: '468098deaf464978ea8855e30de33638') in 0.0177533 seconds
Number of updated asset objects reloaded before import = 0Number of asset objects unloaded after import = 3

========================================================================
Received Import Request.
  Time since last request: 686.969699 seconds.
  path: Assets/AlbedoBase_XL_A_vibrant_3D_animated_scene_featuring_four_cinem_0.jpg
  artifactKey: Guid(ef3e092e1b0285b43b42b2b4183cce97) Importer(815301076,1909f56bfc062723c751e8b465ee728b)
Start importing Assets/AlbedoBase_XL_A_vibrant_3D_animated_scene_featuring_four_cinem_0.jpg using Guid(ef3e092e1b0285b43b42b2b4183cce97) Importer(815301076,1909f56bfc062723c751e8b465ee728b) (PreviewImporter) -> (artifact id: '49134b0772eeea059c613475ef20a85f') in 0.0219745 seconds
Number of updated asset objects reloaded before import = 0Number of asset objects unloaded after import = 3

========================================================================
Received Import Request.
  Time since last request: 17.089390 seconds.
  path: Assets/What Is Your Cinematic Soul.jpg
  artifactKey: Guid(ef3e092e1b0285b43b42b2b4183cce97) Importer(815301076,1909f56bfc062723c751e8b465ee728b)
Start importing Assets/What Is Your Cinematic Soul.jpg using Guid(ef3e092e1b0285b43b42b2b4183cce97) Importer(815301076,1909f56bfc062723c751e8b465ee728b) (PreviewImporter) -> (artifact id: 'd49644ee957b7e18729dc5db9b1d422e') in 0.0176957 seconds
Number of updated asset objects reloaded before import = 0Number of asset objects unloaded after import = 3

========================================================================
Received Prepare
Begin MonoManager ReloadAssembly
C:\build\output\Unity-Technologies\mono\mono\metadata\icall.c:1842:
C:\build\output\Unity-Technologies\mono\mono\metadata\icall.c:1842:
C:\build\output\Unity-Technologies\mono\mono\metadata\icall.c:1842:
C:\build\output\Unity-Technologies\mono\mono\metadata\icall.c:1842:
C:\build\output\Unity-Technologies\mono\mono\metadata\icall.c:1842:
C:\build\output\Unity-Technologies\mono\mono\metadata\icall.c:1842:
C:\build\output\Unity-Technologies\mono\mono\metadata\icall.c:1842:
C:\build\output\Unity-Technologies\mono\mono\metadata\icall.c:1842:
C:\build\output\Unity-Technologies\mono\mono\metadata\icall.c:1842:
C:\build\output\Unity-Technologies\mono\mono\metadata\icall.c:1842:
C:\build\output\Unity-Technologies\mono\mono\metadata\icall.c:1842:
C:\build\output\Unity-Technologies\mono\mono\metadata\icall.c:1842:
- Loaded All Assemblies, in  5.501 seconds
Refreshing native plugins compatible for Editor in 0.87 ms, found 4 plugins.
Native extension for LinuxStandalone target not found
Native extension for AppleTV target not found
Native extension for iOS target not found
Native extension for Android target not found
Native extension for UWP target not found
Native extension for WindowsStandalone target not found
Native extension for OSXStandalone target not found
Native extension for WebGL target not found
[Package Manager] Failed to launch server process. Reason: Unity was launched with the -noUpm command-line argument
[Package Manager] Unable to send message (not connected to server process).
[Package Manager] Cannot connect to Unity Package Manager local server
Mono: successfully reloaded assembly
- Finished resetting the current domain, in  0.586 seconds
Domain Reload Profiling: 6090ms
	BeginReloadAssembly (1604ms)
		ExecutionOrderSort (1ms)
		DisableScriptedObjects (200ms)
		BackupInstance (0ms)
		ReleaseScriptingObjects (1ms)
		CreateAndSetChildDomain (327ms)
	RebuildCommonClasses (121ms)
	RebuildNativeTypeToScriptingClass (11ms)
	initialDomainReloadingComplete (27ms)
	LoadAllAssembliesAndSetupDomain (3741ms)
		LoadAssemblies (4337ms)
		RebuildTransferFunctionScriptingTraits (0ms)
		AnalyzeDomain (296ms)
			TypeCache.Refresh (17ms)
				TypeCache.ScanAssembly (0ms)
			BuildScriptInfoCaches (269ms)
			ResolveRequiredComponents (4ms)
	FinalizeReload (586ms)
		ReleaseScriptCaches (0ms)
		RebuildScriptCaches (0ms)
		SetupLoadedEditorAssemblies (390ms)
			LogAssemblyErrors (0ms)
			InitializePlatformSupportModulesInManaged (29ms)
			SetLoadedEditorAssemblies (3ms)
			BeforeProcessingInitializeOnLoad (40ms)
			ProcessInitializeOnLoadAttributes (292ms)
			ProcessInitializeOnLoadMethodAttributes (25ms)
			AfterProcessingInitializeOnLoad (2ms)
			EditorAssembliesLoaded (0ms)
		ExecutionOrderSort2 (0ms)
		AwakeInstancesAfterBackupRestoration (8ms)
Refreshing native plugins compatible for Editor in 1.21 ms, found 4 plugins.
Preloading 0 native plugins for Editor in 0.00 ms.
Unloading 0 Unused Serialized files (Serialized files now loaded: 0)
Unloading 4175 unused Assets / (0.9 MB). Loaded Objects now: 4799.
Memory consumption went from 111.9 MB to 111.0 MB.
Total: 8.532000 ms (FindLiveObjects: 0.485600 ms CreateObjectMapping: 0.504800 ms MarkObjects: 6.116800 ms  DeleteObjects: 1.424000 ms)

Prepare: number of updated asset objects reloaded= 0
========================================================================
Received Prepare
Begin MonoManager ReloadAssembly
C:\build\output\Unity-Technologies\mono\mono\metadata\icall.c:1842:
C:\build\output\Unity-Technologies\mono\mono\metadata\icall.c:1842:
C:\build\output\Unity-Technologies\mono\mono\metadata\icall.c:1842:
C:\build\output\Unity-Technologies\mono\mono\metadata\icall.c:1842:
C:\build\output\Unity-Technologies\mono\mono\metadata\icall.c:1842:
C:\build\output\Unity-Technologies\mono\mono\metadata\icall.c:1842:
C:\build\output\Unity-Technologies\mono\mono\metadata\icall.c:1842:
C:\build\output\Unity-Technologies\mono\mono\metadata\icall.c:1842:
C:\build\output\Unity-Technologies\mono\mono\metadata\icall.c:1842:
C:\build\output\Unity-Technologies\mono\mono\metadata\icall.c:1842:
C:\build\output\Unity-Technologies\mono\mono\metadata\icall.c:1842:
C:\build\output\Unity-Technologies\mono\mono\metadata\icall.c:1842:
- Loaded All Assemblies, in  0.509 seconds
Refreshing native plugins compatible for Editor in 0.93 ms, found 4 plugins.
Native extension for LinuxStandalone target not found
Native extension for AppleTV target not found
Native extension for iOS target not found
Native extension for Android target not found
Native extension for UWP target not found
Native extension for WindowsStandalone target not found
Native extension for OSXStandalone target not found
Native extension for WebGL target not found
[Package Manager] Failed to launch server process. Reason: Unity was launched with the -noUpm command-line argument
[Package Manager] Unable to send message (not connected to server process).
[Package Manager] Cannot connect to Unity Package Manager local server
Mono: successfully reloaded assembly
- Finished resetting the current domain, in  0.497 seconds
Domain Reload Profiling: 1008ms
	BeginReloadAssembly (162ms)
		ExecutionOrderSort (0ms)
		DisableScriptedObjects (11ms)
		BackupInstance (0ms)
		ReleaseScriptingObjects (0ms)
		CreateAndSetChildDomain (42ms)
	RebuildCommonClasses (27ms)
	RebuildNativeTypeToScriptingClass (11ms)
	initialDomainReloadingComplete (18ms)
	LoadAllAssembliesAndSetupDomain (292ms)
		LoadAssemblies (261ms)
		RebuildTransferFunctionScriptingTraits (0ms)
		AnalyzeDomain (109ms)
			TypeCache.Refresh (6ms)
				TypeCache.ScanAssembly (0ms)
			BuildScriptInfoCaches (96ms)
			ResolveRequiredComponents (4ms)
	FinalizeReload (497ms)
		ReleaseScriptCaches (0ms)
		RebuildScriptCaches (0ms)
		SetupLoadedEditorAssemblies (335ms)
			LogAssemblyErrors (0ms)
			InitializePlatformSupportModulesInManaged (22ms)
			SetLoadedEditorAssemblies (2ms)
			BeforeProcessingInitializeOnLoad (33ms)
			ProcessInitializeOnLoadAttributes (253ms)
			ProcessInitializeOnLoadMethodAttributes (23ms)
			AfterProcessingInitializeOnLoad (2ms)
			EditorAssembliesLoaded (0ms)
		ExecutionOrderSort2 (0ms)
		AwakeInstancesAfterBackupRestoration (7ms)
Refreshing native plugins compatible for Editor in 0.91 ms, found 4 plugins.
Preloading 0 native plugins for Editor in 0.00 ms.
Unloading 0 Unused Serialized files (Serialized files now loaded: 0)
Unloading 4175 unused Assets / (0.9 MB). Loaded Objects now: 4799.
Memory consumption went from 113.9 MB to 113.0 MB.
Total: 6.085700 ms (FindLiveObjects: 0.406000 ms CreateObjectMapping: 0.401200 ms MarkObjects: 4.473400 ms  DeleteObjects: 0.804600 ms)

Prepare: number of updated asset objects reloaded= 0
========================================================================
Received Import Request.
  Time since last request: 500.949542 seconds.
  path: Assets/AlbedoBase_XL_A_vibrant_3D_animated_scene_featuring_four_fanta_1.jpg
  artifactKey: Guid(d7edd42a1191a7c459d4ce67a781a1ff) Importer(815301076,1909f56bfc062723c751e8b465ee728b)
Start importing Assets/AlbedoBase_XL_A_vibrant_3D_animated_scene_featuring_four_fanta_1.jpg using Guid(d7edd42a1191a7c459d4ce67a781a1ff) Importer(815301076,1909f56bfc062723c751e8b465ee728b) (PreviewImporter) -> (artifact id: '1a0032ec1c184b1c49018eccacc0f7b1') in 0.0717074 seconds
Number of updated asset objects reloaded before import = 0Number of asset objects unloaded after import = 3

========================================================================
Received Import Request.
  Time since last request: 13.662717 seconds.
  path: Assets/What Is Your Role in a Fantasy Kingdom.jpg
  artifactKey: Guid(d7edd42a1191a7c459d4ce67a781a1ff) Importer(815301076,1909f56bfc062723c751e8b465ee728b)
Start importing Assets/What Is Your Role in a Fantasy Kingdom.jpg using Guid(d7edd42a1191a7c459d4ce67a781a1ff) Importer(815301076,1909f56bfc062723c751e8b465ee728b) (PreviewImporter) -> (artifact id: 'f70d00506ca2442f25038596f8826ca3') in 0.0155624 seconds
Number of updated asset objects reloaded before import = 0Number of asset objects unloaded after import = 3

